#
# There is insufficient memory for the Java Runtime Environment to continue.
# Native memory allocation (malloc) failed to allocate 151056 bytes for Chunk::new
# Possible reasons:
#   The system is out of physical RAM or swap space
#   The process is running with CompressedOops enabled, and the Java Heap may be blocking the growth of the native heap
# Possible solutions:
#   Reduce memory load on the system
#   Increase physical memory or swap space
#   Check if swap backing store is full
#   Decrease Java heap size (-Xmx/-Xms)
#   Decrease number of Java threads
#   Decrease Java thread stack sizes (-Xss)
#   Set larger code cache with -XX:ReservedCodeCacheSize=
#   JVM is running with Unscaled Compressed Oops mode in which the Java heap is
#     placed in the first 4GB address space. The Java Heap base address is the
#     maximum limit for the native heap growth. Please use -XX:HeapBaseMinAddress
#     to set the Java Heap base and to place the Java Heap above 4GB virtual address.
# This output file may be truncated or incomplete.
#
#  Out of Memory Error (allocation.cpp:389), pid=23160, tid=0x0000000000002d80
#
# JRE version: OpenJDK Runtime Environment (8.0_202-b03) (build 1.8.0_202-release-1483-b03)
# Java VM: OpenJDK 64-Bit Server VM (25.202-b03 mixed mode windows-amd64 compressed oops)
# Failed to write core dump. Minidumps are not enabled by default on client versions of Windows
#

---------------  T H R E A D  ---------------

Current thread (0x000000001884f800):  JavaThread "C2 CompilerThread0" daemon [_thread_in_native, id=11648, stack(0x0000000019150000,0x0000000019250000)]

Stack: [0x0000000019150000,0x0000000019250000]
[error occurred during error reporting (printing stack bounds), id 0xc0000005]

Native frames: (J=compiled Java code, j=interpreted, Vv=VM code, C=native code)


Current CompileTask:
C2:  12366 2359       4       org.gradle.internal.reflect.PropertyAccessorType::of (95 bytes)


---------------  P R O C E S S  ---------------

Java Threads: ( => current thread )
  0x000000001885b000 JavaThread "Cache worker for execution history cache (C:\Users\thinkpad\.gradle\caches\6.1.1\executionHistory)" [_thread_blocked, id=22588, stack(0x00000000211d0000,0x00000000212d0000)]
  0x000000001885e000 JavaThread "Cache worker for cache directory md-rule (C:\Users\thinkpad\.gradle\caches\6.1.1\md-rule)" [_thread_blocked, id=21000, stack(0x000000001fda0000,0x000000001fea0000)]
  0x0000000018859800 JavaThread "Cache worker for cache directory md-supplier (C:\Users\thinkpad\.gradle\caches\6.1.1\md-supplier)" [_thread_blocked, id=16412, stack(0x000000001fca0000,0x000000001fda0000)]
  0x0000000018859000 JavaThread "Cache worker for file hash cache (C:\Users\thinkpad\AndroidStudioProjects\AppAbsenceRf\.gradle\6.1.1\fileHashes)" [_thread_blocked, id=280, stack(0x0000000020ed0000,0x0000000020fd0000)]
  0x0000000018857800 JavaThread "Cache worker for checksums cache (C:\Users\thinkpad\AndroidStudioProjects\AppAbsenceRf\.gradle\checksums)" [_thread_blocked, id=20004, stack(0x000000001e970000,0x000000001ea70000)]
  0x000000001885a800 JavaThread "Cache worker for file hash cache (C:\Users\thinkpad\.gradle\caches\6.1.1\fileHashes)" [_thread_blocked, id=21736, stack(0x000000001d6a0000,0x000000001d7a0000)]
  0x0000000018858000 JavaThread "File lock request listener" [_thread_in_native, id=23080, stack(0x000000001d5a0000,0x000000001d6a0000)]
  0x000000001a5cf000 JavaThread "Cache worker for journal cache (C:\Users\thinkpad\.gradle\caches\journal-1)" [_thread_blocked, id=516, stack(0x000000001d4a0000,0x000000001d5a0000)]
  0x0000000019e43000 JavaThread "Thread-9" [_thread_blocked, id=4272, stack(0x000000001d1a0000,0x000000001d2a0000)]
  0x0000000019dd2000 JavaThread "Stdin handler" [_thread_blocked, id=22548, stack(0x000000001d0a0000,0x000000001d1a0000)]
  0x0000000019dcf800 JavaThread "Asynchronous log dispatcher for DefaultDaemonConnection: socket connection from /127.0.0.1:63603 to /127.0.0.1:63604" [_thread_blocked, id=2940, stack(0x000000001cea0000,0x000000001cfa0000)]
  0x000000001b2a1800 JavaThread "Daemon worker" [_thread_in_vm, id=19736, stack(0x000000001cda0000,0x000000001cea0000)]
  0x000000001b2a0800 JavaThread "Cancel handler" [_thread_blocked, id=2684, stack(0x000000001cca0000,0x000000001cda0000)]
  0x000000001b297000 JavaThread "Handler for socket connection from /127.0.0.1:63603 to /127.0.0.1:63604" [_thread_in_native, id=16292, stack(0x000000001c9a0000,0x000000001caa0000)]
  0x000000001b287000 JavaThread "Daemon" [_thread_blocked, id=25236, stack(0x000000001c8a0000,0x000000001c9a0000)]
  0x000000001b274800 JavaThread "Daemon periodic checks" [_thread_blocked, id=16408, stack(0x000000001c7a0000,0x000000001c8a0000)]
  0x000000001b21b000 JavaThread "Incoming local TCP Connector on port 63603" [_thread_in_native, id=26492, stack(0x000000001c530000,0x000000001c630000)]
  0x00000000197c8800 JavaThread "Daemon health stats" [_thread_blocked, id=25284, stack(0x000000001bef0000,0x000000001bff0000)]
  0x00000000188ee800 JavaThread "Service Thread" daemon [_thread_blocked, id=12176, stack(0x0000000019550000,0x0000000019650000)]
  0x000000001885d800 JavaThread "C1 CompilerThread3" daemon [_thread_blocked, id=8556, stack(0x0000000019450000,0x0000000019550000)]
  0x000000001885c800 JavaThread "C2 CompilerThread2" daemon [_thread_blocked, id=2452, stack(0x0000000019350000,0x0000000019450000)]
  0x000000001885c000 JavaThread "C2 CompilerThread1" daemon [_thread_blocked, id=18316, stack(0x0000000019250000,0x0000000019350000)]
=>0x000000001884f800 JavaThread "C2 CompilerThread0" daemon [_thread_in_native, id=11648, stack(0x0000000019150000,0x0000000019250000)]
  0x000000001884a800 JavaThread "Attach Listener" daemon [_thread_blocked, id=23612, stack(0x0000000019050000,0x0000000019150000)]
  0x0000000018856000 JavaThread "Signal Dispatcher" daemon [_thread_blocked, id=21244, stack(0x0000000018f50000,0x0000000019050000)]
  0x0000000018841000 JavaThread "Finalizer" daemon [_thread_blocked, id=26316, stack(0x0000000018d20000,0x0000000018e20000)]
  0x0000000018840800 JavaThread "Reference Handler" daemon [_thread_blocked, id=21180, stack(0x0000000018c20000,0x0000000018d20000)]
  0x0000000002b72800 JavaThread "main" [_thread_blocked, id=4052, stack(0x0000000002a70000,0x0000000002b70000)]

Other Threads:
  0x0000000016a26000 VMThread [stack: 0x0000000018720000,0x0000000018820000] [id=10724]
  0x00000000188a9800 WatcherThread [stack: 0x0000000019650000,0x0000000019750000] [id=20576]

VM state:not at safepoint (normal execution)

VM Mutex/Monitor currently owned by a thread: None

heap address: 0x00000000a0000000, size: 1536 MB, Compressed Oops mode: 32-bit
Narrow klass base: 0x0000000000000000, Narrow klass shift: 3
Compressed class space size: 1073741824 Address: 0x0000000100000000

Heap:
 PSYoungGen      total 76800K, used 21413K [0x00000000e0000000, 0x00000000e5600000, 0x0000000100000000)
  eden space 66048K, 19% used [0x00000000e0000000,0x00000000e0cc9ef8,0x00000000e4080000)
  from space 10752K, 77% used [0x00000000e4080000,0x00000000e489f858,0x00000000e4b00000)
  to   space 10240K, 0% used [0x00000000e4b00000,0x00000000e4b00000,0x00000000e5500000)
 ParOldGen       total 59904K, used 8881K [0x00000000a0000000, 0x00000000a3a80000, 0x00000000e0000000)
  object space 59904K, 14% used [0x00000000a0000000,0x00000000a08ac528,0x00000000a3a80000)
 Metaspace       used 29721K, capacity 30458K, committed 30640K, reserved 1075200K
  class space    used 3994K, capacity 4204K, committed 4272K, reserved 1048576K

Card table byte_map: [0x0000000012030000,0x0000000012340000] byte_map_base: 0x0000000011b30000

Marking Bits: (ParMarkBitMap*) 0x0000000075c19f30
 Begin Bits: [0x0000000012d40000, 0x0000000014540000)
 End Bits:   [0x0000000014540000, 0x0000000015d40000)

Polling page: 0x00000000029e0000

CodeCache: size=245760Kb used=8337Kb max_used=8346Kb free=237422Kb
 bounds [0x0000000002c70000, 0x00000000034a0000, 0x0000000011c70000]
 total_blobs=2820 nmethods=2141 adapters=592
 compilation: enabled

Compilation events (10 events):
Event: 12.362 Thread 0x000000001885d800 2366       3       org.gradle.internal.instantiation.generator.AbstractClassGenerator::access$1400 (5 bytes)
Event: 12.362 Thread 0x000000001885d800 nmethod 2366 0x0000000003497610 code [0x00000000034977a0, 0x0000000003497c48]
Event: 12.362 Thread 0x000000001885d800 2364       1       org.gradle.internal.instantiation.generator.AbstractClassGenerator$PropertyMetadata::access$500 (5 bytes)
Event: 12.362 Thread 0x000000001885d800 nmethod 2364 0x000000000348eb50 code [0x000000000348eca0, 0x000000000348ed90]
Event: 12.362 Thread 0x000000001885d800 2367       3       com.google.common.collect.CompactHashMap::hashTableMask (8 bytes)
Event: 12.363 Thread 0x000000001885d800 nmethod 2367 0x0000000003497d50 code [0x0000000003497ea0, 0x0000000003497ff0]
Event: 12.363 Thread 0x000000001885d800 2368       1       com.google.common.collect.LinkedHashMultimap::access$300 (5 bytes)
Event: 12.363 Thread 0x000000001885d800 nmethod 2368 0x0000000003498090 code [0x00000000034981e0, 0x00000000034982d0]
Event: 12.363 Thread 0x000000001885c800 2369       4       sun.reflect.ClassFileAssembler::emitShort (24 bytes)
Event: 12.364 Thread 0x000000001885c000 2370       4       org.objectweb.asm.ByteVector::putByte (39 bytes)

GC Heap History (10 events):
Event: 6.956 GC heap before
{Heap before GC invocations=4 (full 0):
 PSYoungGen      total 38400K, used 38384K [0x00000000e0000000, 0x00000000e2a80000, 0x0000000100000000)
  eden space 33280K, 100% used [0x00000000e0000000,0x00000000e2080000,0x00000000e2080000)
  from space 5120K, 99% used [0x00000000e2080000,0x00000000e257c318,0x00000000e2580000)
  to   space 5120K, 0% used [0x00000000e2580000,0x00000000e2580000,0x00000000e2a80000)
 ParOldGen       total 87552K, used 1630K [0x00000000a0000000, 0x00000000a5580000, 0x00000000e0000000)
  object space 87552K, 1% used [0x00000000a0000000,0x00000000a0197998,0x00000000a5580000)
 Metaspace       used 15471K, capacity 15896K, committed 16128K, reserved 1062912K
  class space    used 2077K, capacity 2222K, committed 2304K, reserved 1048576K
Event: 6.979 GC heap after
Heap after GC invocations=4 (full 0):
 PSYoungGen      total 38400K, used 5088K [0x00000000e0000000, 0x00000000e4b00000, 0x0000000100000000)
  eden space 33280K, 0% used [0x00000000e0000000,0x00000000e0000000,0x00000000e2080000)
  from space 5120K, 99% used [0x00000000e2580000,0x00000000e2a78040,0x00000000e2a80000)
  to   space 5120K, 0% used [0x00000000e2080000,0x00000000e2080000,0x00000000e2580000)
 ParOldGen       total 87552K, used 4233K [0x00000000a0000000, 0x00000000a5580000, 0x00000000e0000000)
  object space 87552K, 4% used [0x00000000a0000000,0x00000000a0422640,0x00000000a5580000)
 Metaspace       used 15471K, capacity 15896K, committed 16128K, reserved 1062912K
  class space    used 2077K, capacity 2222K, committed 2304K, reserved 1048576K
}
Event: 8.429 GC heap before
{Heap before GC invocations=5 (full 0):
 PSYoungGen      total 38400K, used 38368K [0x00000000e0000000, 0x00000000e4b00000, 0x0000000100000000)
  eden space 33280K, 100% used [0x00000000e0000000,0x00000000e2080000,0x00000000e2080000)
  from space 5120K, 99% used [0x00000000e2580000,0x00000000e2a78040,0x00000000e2a80000)
  to   space 5120K, 0% used [0x00000000e2080000,0x00000000e2080000,0x00000000e2580000)
 ParOldGen       total 87552K, used 4233K [0x00000000a0000000, 0x00000000a5580000, 0x00000000e0000000)
  object space 87552K, 4% used [0x00000000a0000000,0x00000000a0422640,0x00000000a5580000)
 Metaspace       used 18234K, capacity 18820K, committed 19200K, reserved 1064960K
  class space    used 2515K, capacity 2702K, committed 2816K, reserved 1048576K
Event: 8.463 GC heap after
Heap after GC invocations=5 (full 0):
 PSYoungGen      total 38400K, used 5104K [0x00000000e0000000, 0x00000000e5500000, 0x0000000100000000)
  eden space 33280K, 0% used [0x00000000e0000000,0x00000000e0000000,0x00000000e2080000)
  from space 5120K, 99% used [0x00000000e2080000,0x00000000e257c030,0x00000000e2580000)
  to   space 10240K, 0% used [0x00000000e4b00000,0x00000000e4b00000,0x00000000e5500000)
 ParOldGen       total 87552K, used 7631K [0x00000000a0000000, 0x00000000a5580000, 0x00000000e0000000)
  object space 87552K, 8% used [0x00000000a0000000,0x00000000a0773ca8,0x00000000a5580000)
 Metaspace       used 18234K, capacity 18820K, committed 19200K, reserved 1064960K
  class space    used 2515K, capacity 2702K, committed 2816K, reserved 1048576K
}
Event: 9.616 GC heap before
{Heap before GC invocations=6 (full 0):
 PSYoungGen      total 38400K, used 33301K [0x00000000e0000000, 0x00000000e5500000, 0x0000000100000000)
  eden space 33280K, 84% used [0x00000000e0000000,0x00000000e1b89428,0x00000000e2080000)
  from space 5120K, 99% used [0x00000000e2080000,0x00000000e257c030,0x00000000e2580000)
  to   space 10240K, 0% used [0x00000000e4b00000,0x00000000e4b00000,0x00000000e5500000)
 ParOldGen       total 87552K, used 7631K [0x00000000a0000000, 0x00000000a5580000, 0x00000000e0000000)
  object space 87552K, 8% used [0x00000000a0000000,0x00000000a0773ca8,0x00000000a5580000)
 Metaspace       used 20553K, capacity 21256K, committed 21296K, reserved 1067008K
  class space    used 2882K, capacity 3090K, committed 3120K, reserved 1048576K
Event: 9.631 GC heap after
Heap after GC invocations=6 (full 0):
 PSYoungGen      total 76288K, used 8257K [0x00000000e0000000, 0x00000000e5600000, 0x0000000100000000)
  eden space 66048K, 0% used [0x00000000e0000000,0x00000000e0000000,0x00000000e4080000)
  from space 10240K, 80% used [0x00000000e4b00000,0x00000000e5310458,0x00000000e5500000)
  to   space 10752K, 0% used [0x00000000e4080000,0x00000000e4080000,0x00000000e4b00000)
 ParOldGen       total 87552K, used 7639K [0x00000000a0000000, 0x00000000a5580000, 0x00000000e0000000)
  object space 87552K, 8% used [0x00000000a0000000,0x00000000a0775ca8,0x00000000a5580000)
 Metaspace       used 20553K, capacity 21256K, committed 21296K, reserved 1067008K
  class space    used 2882K, capacity 3090K, committed 3120K, reserved 1048576K
}
Event: 9.631 GC heap before
{Heap before GC invocations=7 (full 1):
 PSYoungGen      total 76288K, used 8257K [0x00000000e0000000, 0x00000000e5600000, 0x0000000100000000)
  eden space 66048K, 0% used [0x00000000e0000000,0x00000000e0000000,0x00000000e4080000)
  from space 10240K, 80% used [0x00000000e4b00000,0x00000000e5310458,0x00000000e5500000)
  to   space 10752K, 0% used [0x00000000e4080000,0x00000000e4080000,0x00000000e4b00000)
 ParOldGen       total 87552K, used 7639K [0x00000000a0000000, 0x00000000a5580000, 0x00000000e0000000)
  object space 87552K, 8% used [0x00000000a0000000,0x00000000a0775ca8,0x00000000a5580000)
 Metaspace       used 20553K, capacity 21256K, committed 21296K, reserved 1067008K
  class space    used 2882K, capacity 3090K, committed 3120K, reserved 1048576K
Event: 9.720 GC heap after
Heap after GC invocations=7 (full 1):
 PSYoungGen      total 76288K, used 0K [0x00000000e0000000, 0x00000000e5600000, 0x0000000100000000)
  eden space 66048K, 0% used [0x00000000e0000000,0x00000000e0000000,0x00000000e4080000)
  from space 10240K, 0% used [0x00000000e4b00000,0x00000000e4b00000,0x00000000e5500000)
  to   space 10752K, 0% used [0x00000000e4080000,0x00000000e4080000,0x00000000e4b00000)
 ParOldGen       total 59904K, used 8873K [0x00000000a0000000, 0x00000000a3a80000, 0x00000000e0000000)
  object space 59904K, 14% used [0x00000000a0000000,0x00000000a08aa528,0x00000000a3a80000)
 Metaspace       used 20553K, capacity 21256K, committed 21296K, reserved 1067008K
  class space    used 2882K, capacity 3090K, committed 3120K, reserved 1048576K
}
Event: 12.101 GC heap before
{Heap before GC invocations=8 (full 1):
 PSYoungGen      total 76288K, used 66048K [0x00000000e0000000, 0x00000000e5600000, 0x0000000100000000)
  eden space 66048K, 100% used [0x00000000e0000000,0x00000000e4080000,0x00000000e4080000)
  from space 10240K, 0% used [0x00000000e4b00000,0x00000000e4b00000,0x00000000e5500000)
  to   space 10752K, 0% used [0x00000000e4080000,0x00000000e4080000,0x00000000e4b00000)
 ParOldGen       total 59904K, used 8873K [0x00000000a0000000, 0x00000000a3a80000, 0x00000000e0000000)
  object space 59904K, 14% used [0x00000000a0000000,0x00000000a08aa528,0x00000000a3a80000)
 Metaspace       used 28266K, capacity 29008K, committed 29232K, reserved 1075200K
  class space    used 3907K, capacity 4133K, committed 4144K, reserved 1048576K
Event: 12.113 GC heap after
Heap after GC invocations=8 (full 1):
 PSYoungGen      total 76800K, used 8318K [0x00000000e0000000, 0x00000000e5600000, 0x0000000100000000)
  eden space 66048K, 0% used [0x00000000e0000000,0x00000000e0000000,0x00000000e4080000)
  from space 10752K, 77% used [0x00000000e4080000,0x00000000e489f858,0x00000000e4b00000)
  to   space 10240K, 0% used [0x00000000e4b00000,0x00000000e4b00000,0x00000000e5500000)
 ParOldGen       total 59904K, used 8881K [0x00000000a0000000, 0x00000000a3a80000, 0x00000000e0000000)
  object space 59904K, 14% used [0x00000000a0000000,0x00000000a08ac528,0x00000000a3a80000)
 Metaspace       used 28266K, capacity 29008K, committed 29232K, reserved 1075200K
  class space    used 3907K, capacity 4133K, committed 4144K, reserved 1048576K
}

Deoptimization events (10 events):
Event: 11.108 Thread 0x000000001b2a1800 Uncommon trap: reason=bimorphic action=maybe_recompile pc=0x0000000002de71b8 method=java.io.BufferedInputStream.read([BII)I @ 101
Event: 11.110 Thread 0x000000001b2a1800 Uncommon trap: reason=bimorphic action=maybe_recompile pc=0x0000000002de71b8 method=java.io.BufferedInputStream.read([BII)I @ 101
Event: 12.036 Thread 0x000000001b2a1800 Uncommon trap: reason=class_check action=maybe_recompile pc=0x0000000003311450 method=sun.misc.URLClassPath.getLoader(I)Lsun/misc/URLClassPath$Loader; @ 94
Event: 12.036 Thread 0x000000001b2a1800 Uncommon trap: reason=class_check action=maybe_recompile pc=0x000000000302e42c method=sun.misc.URLClassPath.getResource(Ljava/lang/String;Z)Lsun/misc/Resource; @ 62
Event: 12.036 Thread 0x000000001b2a1800 Uncommon trap: reason=unstable_if action=reinterpret pc=0x00000000032bf09c method=java.lang.String.regionMatches(ZILjava/lang/String;II)Z @ 41
Event: 12.039 Thread 0x000000001b2a1800 Uncommon trap: reason=unstable_if action=reinterpret pc=0x0000000002de132c method=java.lang.ClassLoader.getClassLoadingLock(Ljava/lang/String;)Ljava/lang/Object; @ 6
Event: 12.084 Thread 0x000000001b2a1800 Uncommon trap: reason=class_check action=maybe_recompile pc=0x0000000003311f54 method=sun.misc.URLClassPath.getLoader(I)Lsun/misc/URLClassPath$Loader; @ 239
Event: 12.084 Thread 0x000000001b2a1800 Uncommon trap: reason=unstable_if action=reinterpret pc=0x0000000002e0d2f8 method=java.lang.String.regionMatches(ZILjava/lang/String;II)Z @ 41
Event: 12.114 Thread 0x0000000018840800 Uncommon trap: reason=unstable_if action=reinterpret pc=0x00000000031a7ffc method=java.lang.ref.Reference.tryHandlePending(Z)Z @ 104
Event: 12.116 Thread 0x000000001b2a1800 Uncommon trap: reason=class_check action=maybe_recompile pc=0x0000000003311f54 method=sun.misc.URLClassPath.getLoader(I)Lsun/misc/URLClassPath$Loader; @ 239

Classes redefined (0 events):
No events

Internal exceptions (10 events):
Event: 12.224 Thread 0x000000001b2a1800 Exception <a 'java/lang/ClassNotFoundException': org/gradle/api/internal/project/AbstractPluginAwareBeanInfo> (0x00000000e0526140) thrown at [D:\src\AOSP-openjdk-cygwin\jdk8u\hotspot\src\share\vm\classfile\systemDictionary.cpp, line 210]
Event: 12.225 Thread 0x000000001b2a1800 Exception <a 'java/lang/ClassNotFoundException': org/gradle/api/internal/project/AbstractPluginAwareCustomizer> (0x00000000e0559278) thrown at [D:\src\AOSP-openjdk-cygwin\jdk8u\hotspot\src\share\vm\classfile\systemDictionary.cpp, line 210]
Event: 12.227 Thread 0x000000001b2a1800 Exception <a 'java/lang/ClassNotFoundException': org/gradle/initialization/DefaultSettingsCustomizer> (0x00000000e058eb80) thrown at [D:\src\AOSP-openjdk-cygwin\jdk8u\hotspot\src\share\vm\classfile\systemDictionary.cpp, line 210]
Event: 12.232 Thread 0x000000001b2a1800 Exception <a 'java/lang/ClassNotFoundException': org/gradle/initialization/DefaultSettings_DecoratedCustomizer> (0x00000000e05fd6a8) thrown at [D:\src\AOSP-openjdk-cygwin\jdk8u\hotspot\src\share\vm\classfile\systemDictionary.cpp, line 210]
Event: 12.291 Thread 0x000000001b2a1800 Exception <a 'java/lang/ClassNotFoundException': org/gradle/initialization/DefaultProjectDescriptorBeanInfo> (0x00000000e0876b40) thrown at [D:\src\AOSP-openjdk-cygwin\jdk8u\hotspot\src\share\vm\classfile\systemDictionary.cpp, line 210]
Event: 12.291 Thread 0x000000001b2a1800 Exception <a 'java/lang/ClassNotFoundException': org/gradle/initialization/DefaultProjectDescriptorCustomizer> (0x00000000e08a7a60) thrown at [D:\src\AOSP-openjdk-cygwin\jdk8u\hotspot\src\share\vm\classfile\systemDictionary.cpp, line 210]
Event: 12.299 Thread 0x0000000019e43000 Exception <a 'java/lang/NoSuchMethodError': <clinit>> (0x00000000e011d588) thrown at [D:\src\AOSP-openjdk-cygwin\jdk8u\hotspot\src\share\vm\prims\jni.cpp, line 1614]
Event: 12.302 Thread 0x0000000019e43000 Exception <a 'java/lang/NoSuchMethodError': <clinit>> (0x00000000e0132a20) thrown at [D:\src\AOSP-openjdk-cygwin\jdk8u\hotspot\src\share\vm\prims\jni.cpp, line 1614]
Event: 12.302 Thread 0x0000000019e43000 Exception <a 'java/lang/NoSuchMethodError': <clinit>> (0x00000000e0133810) thrown at [D:\src\AOSP-openjdk-cygwin\jdk8u\hotspot\src\share\vm\prims\jni.cpp, line 1614]
Event: 12.302 Thread 0x0000000019e43000 Exception <a 'java/lang/NoSuchMethodError': <clinit>> (0x00000000e0134d38) thrown at [D:\src\AOSP-openjdk-cygwin\jdk8u\hotspot\src\share\vm\prims\jni.cpp, line 1614]

Events (10 events):
Event: 12.352 loading class org/gradle/api/internal/file/DefaultProjectLayout
Event: 12.352 loading class org/gradle/api/internal/file/DefaultProjectLayout done
Event: 12.353 loading class org/gradle/api/internal/file/TaskFileVarFactory
Event: 12.353 loading class org/gradle/api/internal/file/TaskFileVarFactory done
Event: 12.353 loading class org/gradle/normalization/InputNormalizationHandler
Event: 12.353 loading class org/gradle/normalization/InputNormalizationHandler done
Event: 12.353 loading class org/gradle/api/component/SoftwareComponentContainer
Event: 12.353 loading class org/gradle/api/component/SoftwareComponentContainer done
Event: 12.354 loading class org/gradle/api/internal/project/DeferredProjectConfiguration
Event: 12.354 loading class org/gradle/api/internal/project/DeferredProjectConfiguration done


Dynamic libraries:
0x00007ff726af0000 - 0x00007ff726b21000 	C:\Program Files\Android\Android Studio\jre\bin\java.exe
0x00007ffefe410000 - 0x00007ffefe605000 	C:\WINDOWS\SYSTEM32\ntdll.dll
0x00007ffefd850000 - 0x00007ffefd90d000 	C:\WINDOWS\System32\KERNEL32.DLL
0x00007ffefbe10000 - 0x00007ffefc0d9000 	C:\WINDOWS\System32\KERNELBASE.dll
0x00007ffefd910000 - 0x00007ffefd9bc000 	C:\WINDOWS\System32\ADVAPI32.dll
0x00007ffefd2a0000 - 0x00007ffefd33e000 	C:\WINDOWS\System32\msvcrt.dll
0x00007ffefda20000 - 0x00007ffefdabc000 	C:\WINDOWS\System32\sechost.dll
0x00007ffefdac0000 - 0x00007ffefdbeb000 	C:\WINDOWS\System32\RPCRT4.dll
0x00007ffefc6a0000 - 0x00007ffefc840000 	C:\WINDOWS\System32\USER32.dll
0x00007ffefc340000 - 0x00007ffefc362000 	C:\WINDOWS\System32\win32u.dll
0x00007ffefdd30000 - 0x00007ffefdd5a000 	C:\WINDOWS\System32\GDI32.dll
0x00007ffefbc60000 - 0x00007ffefbd6b000 	C:\WINDOWS\System32\gdi32full.dll
0x00007ffefbd70000 - 0x00007ffefbe0d000 	C:\WINDOWS\System32\msvcp_win.dll
0x00007ffefc370000 - 0x00007ffefc470000 	C:\WINDOWS\System32\ucrtbase.dll
0x00007ffedc6e0000 - 0x00007ffedc97a000 	C:\WINDOWS\WinSxS\amd64_microsoft.windows.common-controls_6595b64144ccf1df_6.0.19041.844_none_ca00b6081b84eb1d\COMCTL32.dll
0x00007ffefdd60000 - 0x00007ffefdd90000 	C:\WINDOWS\System32\IMM32.DLL
0x0000000077c70000 - 0x0000000077d42000 	C:\Program Files\Android\Android Studio\jre\jre\bin\msvcr100.dll
0x0000000075450000 - 0x0000000075c96000 	C:\Program Files\Android\Android Studio\jre\jre\bin\server\jvm.dll
0x00007ffefc690000 - 0x00007ffefc698000 	C:\WINDOWS\System32\PSAPI.DLL
0x00007ffee29a0000 - 0x00007ffee29a9000 	C:\WINDOWS\SYSTEM32\WSOCK32.dll
0x00007ffef0820000 - 0x00007ffef082a000 	C:\WINDOWS\SYSTEM32\VERSION.dll
0x00007ffee5020000 - 0x00007ffee5047000 	C:\WINDOWS\SYSTEM32\WINMM.dll
0x00007ffefe200000 - 0x00007ffefe26b000 	C:\WINDOWS\System32\ws2_32.DLL
0x00007ffef33d0000 - 0x00007ffef33df000 	C:\Program Files\Android\Android Studio\jre\jre\bin\verify.dll
0x00007ffee7e30000 - 0x00007ffee7e59000 	C:\Program Files\Android\Android Studio\jre\jre\bin\java.dll
0x00007ffef31c0000 - 0x00007ffef31d6000 	C:\Program Files\Android\Android Studio\jre\jre\bin\zip.dll
0x00007ffefca30000 - 0x00007ffefd172000 	C:\WINDOWS\System32\SHELL32.dll
0x00007ffef9c50000 - 0x00007ffefa3e0000 	C:\WINDOWS\SYSTEM32\windows.storage.dll
0x00007ffefd340000 - 0x00007ffefd695000 	C:\WINDOWS\System32\combase.dll
0x00007ffefb4f0000 - 0x00007ffefb51c000 	C:\WINDOWS\SYSTEM32\Wldp.dll
0x00007ffefc980000 - 0x00007ffefca2e000 	C:\WINDOWS\System32\SHCORE.dll
0x00007ffefdc70000 - 0x00007ffefdcc5000 	C:\WINDOWS\System32\shlwapi.dll
0x00007ffefba90000 - 0x00007ffefbaaf000 	C:\WINDOWS\SYSTEM32\profapi.dll
0x00007ffee7ad0000 - 0x00007ffee7aea000 	C:\Program Files\Android\Android Studio\jre\jre\bin\net.dll
0x00007ffefb2e0000 - 0x00007ffefb34a000 	C:\WINDOWS\system32\mswsock.dll
0x00007ffedb6b0000 - 0x00007ffedb6c1000 	C:\Program Files\Android\Android Studio\jre\jre\bin\nio.dll
0x00007ffed7870000 - 0x00007ffed7896000 	C:\Users\thinkpad\.gradle\native\31\windows-amd64\native-platform.dll
0x00007ffeee920000 - 0x00007ffeee92d000 	C:\Program Files\Android\Android Studio\jre\jre\bin\management.dll
0x00007ffefb530000 - 0x00007ffefb548000 	C:\WINDOWS\SYSTEM32\CRYPTSP.dll
0x00007ffefac30000 - 0x00007ffefac64000 	C:\WINDOWS\system32\rsaenh.dll
0x00007ffefbbd0000 - 0x00007ffefbbf7000 	C:\WINDOWS\System32\bcrypt.dll
0x00007ffefba50000 - 0x00007ffefba7e000 	C:\WINDOWS\SYSTEM32\USERENV.dll
0x00007ffefbb50000 - 0x00007ffefbbd0000 	C:\WINDOWS\System32\bcryptprimitives.dll
0x00007ffefb460000 - 0x00007ffefb46c000 	C:\WINDOWS\SYSTEM32\CRYPTBASE.dll
0x00007ffefafa0000 - 0x00007ffefafdb000 	C:\WINDOWS\SYSTEM32\IPHLPAPI.DLL
0x00007ffefc680000 - 0x00007ffefc688000 	C:\WINDOWS\System32\NSI.dll
0x00007ffef1d70000 - 0x00007ffef1d87000 	C:\WINDOWS\SYSTEM32\dhcpcsvc6.DLL
0x00007ffef20f0000 - 0x00007ffef210d000 	C:\WINDOWS\SYSTEM32\dhcpcsvc.DLL
0x00007ffefafe0000 - 0x00007ffefb0ab000 	C:\WINDOWS\SYSTEM32\DNSAPI.dll

VM Arguments:
jvm_args: -Xmx1536m -Dfile.encoding=windows-1252 -Duser.country=FR -Duser.language=fr -Duser.variant 
java_command: org.gradle.launcher.daemon.bootstrap.GradleDaemon 6.1.1
java_class_path (initial): C:\Users\thinkpad\.gradle\wrapper\dists\gradle-6.1.1-all\cfmwm155h49vnt3hynmlrsdst\gradle-6.1.1\lib\gradle-launcher-6.1.1.jar
Launcher Type: SUN_STANDARD

Environment Variables:
JAVA_HOME=C:\Program Files\Java\jdk1.7.0_80
PATH=C:\Program Files\AdoptOpenJDK\jdk-11.0.6.10-hotspot\bin;D:\app\thinkpad\product\11.2.0\dbhome_1\bin;C:\Program Files (x86)\Common Files\Oracle\Java\javapath;C:\WINDOWS\system32;C:\WINDOWS;C:\WINDOWS\System32\Wbem;C:\WINDOWS\System32\WindowsPowerShell\v1.0\;C:\WINDOWS\System32\OpenSSH\;C:\xampp\mysql\bin;C:\Program Files\dotnet\;C:\Program Files\Microsoft SQL Server\130\Tools\Binn\;C:\ProgramData\ComposerSetup\bin;D:\php;C:\Program Files\nodejs\;C:\Program Files\Intel\WiFi\bin\;C:\Program Files\Common Files\Intel\WirelessCommon\;C:\Python27;C:\Users\thinkpad\AppData\Local\Programs\Python\Python38\python.exe;C:\Program Files (x86)\PuTTY\;C:\Program Files\Symfony;C:\Program Files\Git\cmd;C:\Program Files\Docker\Docker\resources\bin;C:\ProgramData\DockerDesktop\version-bin;C:\Users\thinkpad\AppData\Local\Microsoft\WindowsApps;C:\Users\thinkpad\AppData\Local\Programs\Microsoft VS Code\bin;C:\Program Files\JetBrains\PhpStorm 2019.1.2\bin;;C:\Users\thinkpad\AppData\Roaming\Composer\vendor\bin;C:\Users\thinkpad\AppData\Roaming\npm;C:\Program Files\CMake\bin\cmake-gui.exe;C:\Users\thinkpad\AppData\Local\Programs\Python\Python38\python.exe;C:\Program Files\Git\bin;D:\php;
USERNAME=thinkpad
OS=Windows_NT
PROCESSOR_IDENTIFIER=Intel64 Family 6 Model 142 Stepping 10, GenuineIntel



---------------  S Y S T E M  ---------------

OS: Windows 10.0 , 64 bit Build 19041 (10.0.19041.804)

CPU:total 8 (initial active 8) (4 cores per cpu, 2 threads per core) family 6 model 142 stepping 10, cmov, cx8, fxsr, mmx, sse, sse2, sse3, ssse3, sse4.1, sse4.2, popcnt, avx, avx2, aes, clmul, erms, rtm, 3dnowpref, lzcnt, ht, tsc, tscinvbit, bmi1, bmi2, adx

Memory: 4k page, physical 8265192k(126664k free), swap 21065572k(8k free)

vm_info: OpenJDK 64-Bit Server VM (25.202-b03) for windows-amd64 JRE (1.8.0_202-release-1483-b03), built by "builder" with MS VC++ 10.0 (VS2010)

time: Sat Mar 27 23:12:17 2021
timezone: Maroc (heure d’été)
elapsed time: 12 seconds (0d 0h 0m 12s)

